<?xml version="1.0" ?>
<testsuites>
  <testsuite name="LeadFactory Smoke Tests" timestamp="2025-06-12T14:43:00.895312" tests="12" failures="1" errors="0">
    <testcase classname="SmokeTest" name="d0_gateway">
      <failure message="Test failed">{
  &quot;status&quot;: &quot;FAIL&quot;,
  &quot;providers&quot;: {
    &quot;yelp&quot;: true,
    &quot;pagespeed&quot;: true,
    &quot;openai&quot;: true,
    &quot;sendgrid&quot;: false,
    &quot;stripe&quot;: true
  }
}</failure>
    </testcase>
    <testcase classname="SmokeTest" name="d1_targeting"/>
    <testcase classname="SmokeTest" name="d2_sourcing"/>
    <testcase classname="SmokeTest" name="d3_assessment"/>
    <testcase classname="SmokeTest" name="d4_enrichment"/>
    <testcase classname="SmokeTest" name="d5_scoring"/>
    <testcase classname="SmokeTest" name="d6_reports"/>
    <testcase classname="SmokeTest" name="d7_storefront"/>
    <testcase classname="SmokeTest" name="d8_personalization"/>
    <testcase classname="SmokeTest" name="d9_delivery"/>
    <testcase classname="SmokeTest" name="d10_analytics"/>
    <testcase classname="SmokeTest" name="d11_orchestration"/>
  </testsuite>
</testsuites>
