<?xml version="1.0" ?>
<testsuites>
  <testsuite name="LeadFactory Smoke Tests" timestamp="2025-06-12T14:57:27.302426" tests="12" failures="0" errors="0">
    <testcase classname="SmokeTest" name="d0_gateway"/>
    <testcase classname="SmokeTest" name="d1_targeting"/>
    <testcase classname="SmokeTest" name="d2_sourcing"/>
    <testcase classname="SmokeTest" name="d3_assessment"/>
    <testcase classname="SmokeTest" name="d4_enrichment"/>
    <testcase classname="SmokeTest" name="d5_scoring"/>
    <testcase classname="SmokeTest" name="d6_reports"/>
    <testcase classname="SmokeTest" name="d7_storefront"/>
    <testcase classname="SmokeTest" name="d8_personalization"/>
    <testcase classname="SmokeTest" name="d9_delivery"/>
    <testcase classname="SmokeTest" name="d10_analytics"/>
    <testcase classname="SmokeTest" name="d11_orchestration"/>
  </testsuite>
</testsuites>
